<?xml version="1.0" encoding="UTF-8"?>
<!-- Generated by org.testng.reporters.JUnitXMLReporter -->
<testsuite hostname="SBWIN595" ignored="10" name="Default test" tests="3" failures="0" timestamp="2021-06-22T15:36:59 IST" time="3.042" errors="0">
  <testcase name="@BeforeClass setUp" time="-1.624356417141E9" classname="com.nordson.testCases.BaseClass">
    <failure type="org.testng.TestNGException" message="
Parameter &amp;apos;browser&amp;apos; is required by BeforeClass on method setUp but has not been marked @Optional or defined
in C:\Users\Jayasena\AppData\Local\Temp\testng-eclipse-1118924244\testng-customsuite.xml">
      <![CDATA[org.testng.TestNGException: 
Parameter 'browser' is required by BeforeClass on method setUp but has not been marked @Optional or defined
in C:\Users\Jayasena\AppData\Local\Temp\testng-eclipse-1118924244\testng-customsuite.xml
at org.testng.internal.Parameters.createParams(Parameters.java:272)
at org.testng.internal.Parameters.createParametersForMethod(Parameters.java:360)
at org.testng.internal.Parameters.createParameters(Parameters.java:704)
at org.testng.internal.Parameters.createConfigurationParameters(Parameters.java:166)
at org.testng.internal.ConfigInvoker.invokeConfigurations(ConfigInvoker.java:283)
at org.testng.internal.TestMethodWorker.invokeBeforeClassMethods(TestMethodWorker.java:176)
at org.testng.internal.TestMethodWorker.run(TestMethodWorker.java:122)
at java.util.ArrayList.forEach(Unknown Source)
at org.testng.TestRunner.privateRun(TestRunner.java:766)
at org.testng.TestRunner.run(TestRunner.java:587)
at org.testng.SuiteRunner.runTest(SuiteRunner.java:384)
at org.testng.SuiteRunner.runSequentially(SuiteRunner.java:378)
at org.testng.SuiteRunner.privateRun(SuiteRunner.java:337)
at org.testng.SuiteRunner.run(SuiteRunner.java:286)
at org.testng.SuiteRunnerWorker.runSuite(SuiteRunnerWorker.java:53)
at org.testng.SuiteRunnerWorker.run(SuiteRunnerWorker.java:96)
at org.testng.TestNG.runSuitesSequentially(TestNG.java:1187)
at org.testng.TestNG.runSuitesLocally(TestNG.java:1109)
at org.testng.TestNG.runSuites(TestNG.java:1039)
at org.testng.TestNG.run(TestNG.java:1007)
at org.testng.remote.AbstractRemoteTestNG.run(AbstractRemoteTestNG.java:115)
at org.testng.remote.RemoteTestNG.initAndRun(RemoteTestNG.java:251)
at org.testng.remote.RemoteTestNG.main(RemoteTestNG.java:77)
]]>
    </failure>
  </testcase> <!-- @BeforeClass setUp -->
  <testcase name="@AfterClass tearDown" time="-1.624356419566E9" classname="com.nordson.testCases.BaseClass">
    <skipped/>
  </testcase> <!-- @AfterClass tearDown -->
  <testcase name="TC_SetExcelNM" time="0.0" classname="com.nordson.NORXML.TC_Pressure_NOR_XML_DefaultVal_Comparsion_Pneumatic">
    <skipped/>
  </testcase> <!-- TC_SetExcelNM -->
  <testcase name="loginDDT" time="0.0" classname="com.nordson.testCases.TC_LoginTest_DDT_001">
    <skipped/>
  </testcase> <!-- loginDDT -->
  <testcase name="TC_Pneumatic_Manualadjust_Pressure_DefaultValueXML_comparision_with_UI_BAR" time="0.0" classname="com.nordson.NORXML.TC_Pressure_NOR_XML_DefaultVal_Comparsion_Pneumatic">
    <skipped/>
  </testcase> <!-- TC_Pneumatic_Manualadjust_Pressure_DefaultValueXML_comparision_with_UI_BAR -->
  <testcase name="TC_Pneumatic_Runup_Linespeedftpermin_Press_NOR_Default_Value_comparision_with_UIValue" time="0.0" classname="com.nordson.NORXML.TC_Pressure_NOR_XML_DefaultVal_Comparsion_Pneumatic">
    <ignored/>
  </testcase> <!-- TC_Pneumatic_Runup_Linespeedftpermin_Press_NOR_Default_Value_comparision_with_UIValue -->
  <testcase name="TC_Pneumatic_Runup_Linespeedmeterpermin_Press_NOR_Default_Value_comparision_with_UIValue" time="0.0" classname="com.nordson.NORXML.TC_Pressure_NOR_XML_DefaultVal_Comparsion_Pneumatic">
    <ignored/>
  </testcase> <!-- TC_Pneumatic_Runup_Linespeedmeterpermin_Press_NOR_Default_Value_comparision_with_UIValue -->
  <testcase name="TC_Pneumatic_Manualadjust_Pressure_DefaultValue_comparision_with_NorFile_KPA" time="0.0" classname="com.nordson.NORXML.TC_Pressure_NOR_XML_DefaultVal_Comparsion_Pneumatic">
    <ignored/>
  </testcase> <!-- TC_Pneumatic_Manualadjust_Pressure_DefaultValue_comparision_with_NorFile_KPA -->
  <testcase name="TC_Pneumatic_electronicadjust_KPA_Press_NorFile_Value_comparision_with_UI" time="0.0" classname="com.nordson.NORXML.TC_Pressure_NOR_XML_DefaultVal_Comparsion_Pneumatic">
    <ignored/>
  </testcase> <!-- TC_Pneumatic_electronicadjust_KPA_Press_NorFile_Value_comparision_with_UI -->
  <testcase name="TC_Pneumatic_Runup_KPA_Press_NorFile_Value_comparision_with_UI" time="0.0" classname="com.nordson.NORXML.TC_Pressure_NOR_XML_DefaultVal_Comparsion_Pneumatic">
    <ignored/>
  </testcase> <!-- TC_Pneumatic_Runup_KPA_Press_NorFile_Value_comparision_with_UI -->
  <testcase name="TC_Pneumatic_Runup_PSI_Press_NorFile_Value_comparision_with_UI" time="0.0" classname="com.nordson.NORXML.TC_Pressure_NOR_XML_DefaultVal_Comparsion_Pneumatic">
    <ignored/>
  </testcase> <!-- TC_Pneumatic_Runup_PSI_Press_NorFile_Value_comparision_with_UI -->
  <testcase name="TC_Pneumatic_Runup_BAR_Press_NorFile_Value_comparision_with_UI" time="0.0" classname="com.nordson.NORXML.TC_Pressure_NOR_XML_DefaultVal_Comparsion_Pneumatic">
    <ignored/>
  </testcase> <!-- TC_Pneumatic_Runup_BAR_Press_NorFile_Value_comparision_with_UI -->
  <testcase name="TC_Pneumatic_electronicadjust_BAR_Press_NorFile_Value_comparision_with_UI" time="0.0" classname="com.nordson.NORXML.TC_Pressure_NOR_XML_DefaultVal_Comparsion_Pneumatic">
    <ignored/>
  </testcase> <!-- TC_Pneumatic_electronicadjust_BAR_Press_NorFile_Value_comparision_with_UI -->
  <testcase name="TC_Pneumatic_Manualadjust_Pressure_DefaultValueXML_comparision_with_UI_PSI" time="0.0" classname="com.nordson.NORXML.TC_Pressure_NOR_XML_DefaultVal_Comparsion_Pneumatic">
    <ignored/>
  </testcase> <!-- TC_Pneumatic_Manualadjust_Pressure_DefaultValueXML_comparision_with_UI_PSI -->
  <testcase name="TC_Pneumatic_electronicadjust_PSI_Press_NorFile_Value_comparision_with_UI" time="0.0" classname="com.nordson.NORXML.TC_Pressure_NOR_XML_DefaultVal_Comparsion_Pneumatic">
    <ignored/>
  </testcase> <!-- TC_Pneumatic_electronicadjust_PSI_Press_NorFile_Value_comparision_with_UI -->
</testsuite> <!-- Default test -->
