<?xml version="1.0" encoding="UTF-8"?>
<testng-results skipped="0" failed="0" ignored="0" total="6" passed="6">
  <reporter-output>
  </reporter-output>
  <suite name="Nordson OMU Web App Regression Tests on Chrome" duration-ms="22891" started-at="2021-04-29T16:08:45 IST" finished-at="2021-04-29T16:09:07 IST">
    <groups>
    </groups>
    <test name="Nordson OMU Web App Regression Tests on Chrome" duration-ms="22891" started-at="2021-04-29T16:08:45 IST" finished-at="2021-04-29T16:09:07 IST">
      <class name="com.nordson.testCases.TC_OMU_1849_1880_User_Registration_Links">
        <test-method status="PASS" signature="setUp(java.lang.String)[pri:0, instance:com.nordson.testCases.TC_OMU_1849_1880_User_Registration_Links@329a1243]" name="setUp" is-config="true" duration-ms="7270" started-at="2021-04-29T16:08:45 IST" finished-at="2021-04-29T16:08:52 IST">
          <params>
            <param index="0">
              <value>
                <![CDATA[chrome]]>
              </value>
            </param>
          </params>
          <reporter-output>
          </reporter-output>
        </test-method> <!-- setUp -->
        <test-method status="PASS" signature="Registration_Continue_Link(java.lang.String, java.lang.String, java.lang.String, java.lang.String, java.lang.String)[pri:1, instance:com.nordson.testCases.TC_OMU_1849_1880_User_Registration_Links@329a1243]" name="Registration_Continue_Link" duration-ms="7296" started-at="2021-04-29T16:08:53 IST" data-provider="RegistrationContine" finished-at="2021-04-29T16:09:00 IST">
          <params>
            <param index="0">
              <value>
                <![CDATA[RegistrationContinue]]>
              </value>
            </param>
            <param index="1">
              <value>
                <![CDATA[Test Company Name]]>
              </value>
            </param>
            <param index="2">
              <value>
                <![CDATA[Test Address]]>
              </value>
            </param>
            <param index="3">
              <value>
                <![CDATA[Test Plant]]>
              </value>
            </param>
            <param index="4">
              <value>
                <![CDATA[9888272727]]>
              </value>
            </param>
          </params>
          <reporter-output>
          </reporter-output>
        </test-method> <!-- Registration_Continue_Link -->
        <test-method status="PASS" signature="Registration_Nordson_CopyRightText()[pri:2, instance:com.nordson.testCases.TC_OMU_1849_1880_User_Registration_Links@329a1243]" name="Registration_Nordson_CopyRightText" duration-ms="234" started-at="2021-04-29T16:09:01 IST" finished-at="2021-04-29T16:09:01 IST">
          <reporter-output>
          </reporter-output>
        </test-method> <!-- Registration_Nordson_CopyRightText -->
        <test-method status="PASS" signature="Registration_Nordson_Privacy_Policy()[pri:3, instance:com.nordson.testCases.TC_OMU_1849_1880_User_Registration_Links@329a1243]" name="Registration_Nordson_Privacy_Policy" duration-ms="3455" started-at="2021-04-29T16:09:01 IST" finished-at="2021-04-29T16:09:04 IST">
          <reporter-output>
          </reporter-output>
        </test-method> <!-- Registration_Nordson_Privacy_Policy -->
        <test-method status="PASS" signature="Registration_Nordosn_Terms_of_Services()[pri:4, instance:com.nordson.testCases.TC_OMU_1849_1880_User_Registration_Links@329a1243]" name="Registration_Nordosn_Terms_of_Services" duration-ms="56" started-at="2021-04-29T16:09:04 IST" finished-at="2021-04-29T16:09:04 IST">
          <reporter-output>
          </reporter-output>
        </test-method> <!-- Registration_Nordosn_Terms_of_Services -->
        <test-method status="PASS" signature="Registration_Nordson_Cookies()[pri:5, instance:com.nordson.testCases.TC_OMU_1849_1880_User_Registration_Links@329a1243]" name="Registration_Nordson_Cookies" duration-ms="2347" started-at="2021-04-29T16:09:04 IST" finished-at="2021-04-29T16:09:07 IST">
          <reporter-output>
          </reporter-output>
        </test-method> <!-- Registration_Nordson_Cookies -->
        <test-method status="PASS" signature="Registration_Nordson_Contact_Us()[pri:6, instance:com.nordson.testCases.TC_OMU_1849_1880_User_Registration_Links@329a1243]" name="Registration_Nordson_Contact_Us" duration-ms="186" started-at="2021-04-29T16:09:07 IST" finished-at="2021-04-29T16:09:07 IST">
          <reporter-output>
          </reporter-output>
        </test-method> <!-- Registration_Nordson_Contact_Us -->
        <test-method status="PASS" signature="tearDown()[pri:0, instance:com.nordson.testCases.TC_OMU_1849_1880_User_Registration_Links@329a1243]" name="tearDown" is-config="true" duration-ms="658" started-at="2021-04-29T16:09:07 IST" finished-at="2021-04-29T16:09:07 IST">
          <reporter-output>
          </reporter-output>
        </test-method> <!-- tearDown -->
      </class> <!-- com.nordson.testCases.TC_OMU_1849_1880_User_Registration_Links -->
    </test> <!-- Nordson OMU Web App Regression Tests on Chrome -->
  </suite> <!-- Nordson OMU Web App Regression Tests on Chrome -->
</testng-results>
