<?xml version="1.0" encoding="UTF-8"?>
<testng-results skipped="0" failed="4" ignored="7" total="13" passed="2">
  <reporter-output>
  </reporter-output>
  <suite name="Nordson OMU Web App Regression Tests on Chrome" duration-ms="268840" started-at="2021-06-25T18:31:35 IST" finished-at="2021-06-25T18:36:03 IST">
    <groups>
    </groups>
    <test name="Nordson OMU Web App Regression Tests on Chrome" duration-ms="268840" started-at="2021-06-25T18:31:35 IST" finished-at="2021-06-25T18:36:03 IST">
      <class name="com.nordson.NORXML.TC_PressureHydraulic_NOR_XML_DefaultVal_Comparsion_STD_STDDA">
        <test-method status="PASS" signature="setUp(java.lang.String)[pri:0, instance:com.nordson.NORXML.TC_PressureHydraulic_NOR_XML_DefaultVal_Comparsion_STD_STDDA@5b239d7d]" name="setUp" is-config="true" duration-ms="15156" started-at="2021-06-25T18:31:35 IST" finished-at="2021-06-25T18:31:51 IST">
          <params>
            <param index="0">
              <value>
                <![CDATA[chrome]]>
              </value>
            </param>
          </params>
          <reporter-output>
          </reporter-output>
        </test-method> <!-- setUp -->
        <test-method status="PASS" signature="loginDDT(java.lang.String, java.lang.String)[pri:0, instance:com.nordson.NORXML.TC_PressureHydraulic_NOR_XML_DefaultVal_Comparsion_STD_STDDA@5b239d7d]" name="loginDDT" duration-ms="8280" started-at="2021-06-25T18:31:53 IST" data-provider="LoginTestData" finished-at="2021-06-25T18:32:01 IST">
          <params>
            <param index="0">
              <value>
                <![CDATA[raviuser@yopmail.com]]>
              </value>
            </param>
            <param index="1">
              <value>
                <![CDATA[123456789]]>
              </value>
            </param>
          </params>
          <reporter-output>
          </reporter-output>
        </test-method> <!-- loginDDT -->
        <test-method status="PASS" signature="sheetname()[pri:0, instance:com.nordson.NORXML.TC_PressureHydraulic_NOR_XML_DefaultVal_Comparsion_STD_STDDA@5b239d7d]" name="sheetname" duration-ms="9" started-at="2021-06-25T18:32:01 IST" finished-at="2021-06-25T18:32:01 IST">
          <reporter-output>
          </reporter-output>
        </test-method> <!-- sheetname -->
        <test-method status="FAIL" signature="TC_Hydraulic_STD_STD_DA_Manualadjust_Default_KPA_Pressure_Value_NorFileValue_comparision_with_UI()[pri:1, instance:com.nordson.NORXML.TC_PressureHydraulic_NOR_XML_DefaultVal_Comparsion_STD_STDDA@5b239d7d]" name="TC_Hydraulic_STD_STD_DA_Manualadjust_Default_KPA_Pressure_Value_NorFileValue_comparision_with_UI" duration-ms="65257" started-at="2021-06-25T18:32:01 IST" finished-at="2021-06-25T18:33:06 IST">
          <exception class="java.lang.AssertionError">
            <message>
              <![CDATA[The following asserts failed:
expected [10342] but found [10350]]]>
            </message>
            <full-stacktrace>
              <![CDATA[java.lang.AssertionError: The following asserts failed:
expected [10342] but found [10350]
at org.testng.asserts.SoftAssert.assertAll(SoftAssert.java:47)
at org.testng.asserts.SoftAssert.assertAll(SoftAssert.java:31)
at com.nordson.NORXML.TC_PressureHydraulic_NOR_XML_DefaultVal_Comparsion_STD_STDDA.TC_Hydraulic_STD_STD_DA_Manualadjust_Default_KPA_Pressure_Value_NorFileValue_comparision_with_UI(TC_PressureHydraulic_NOR_XML_DefaultVal_Comparsion_STD_STDDA.java:105)
at sun.reflect.NativeMethodAccessorImpl.invoke0(Native Method)
at sun.reflect.NativeMethodAccessorImpl.invoke(Unknown Source)
at sun.reflect.DelegatingMethodAccessorImpl.invoke(Unknown Source)
at java.lang.reflect.Method.invoke(Unknown Source)
at org.testng.internal.MethodInvocationHelper.invokeMethod(MethodInvocationHelper.java:134)
at org.testng.internal.TestInvoker.invokeMethod(TestInvoker.java:597)
at org.testng.internal.TestInvoker.invokeTestMethod(TestInvoker.java:173)
at org.testng.internal.MethodRunner.runInSequence(MethodRunner.java:46)
at org.testng.internal.TestInvoker$MethodInvocationAgent.invoke(TestInvoker.java:816)
at org.testng.internal.TestInvoker.invokeTestMethods(TestInvoker.java:146)
at org.testng.internal.TestMethodWorker.invokeTestMethods(TestMethodWorker.java:146)
at org.testng.internal.TestMethodWorker.run(TestMethodWorker.java:128)
at java.util.ArrayList.forEach(Unknown Source)
at org.testng.TestRunner.privateRun(TestRunner.java:766)
at org.testng.TestRunner.run(TestRunner.java:587)
at org.testng.SuiteRunner.runTest(SuiteRunner.java:384)
at org.testng.SuiteRunner.runSequentially(SuiteRunner.java:378)
at org.testng.SuiteRunner.privateRun(SuiteRunner.java:337)
at org.testng.SuiteRunner.run(SuiteRunner.java:286)
at org.testng.SuiteRunnerWorker.runSuite(SuiteRunnerWorker.java:53)
at org.testng.SuiteRunnerWorker.run(SuiteRunnerWorker.java:96)
at org.testng.TestNG.runSuitesSequentially(TestNG.java:1187)
at org.testng.TestNG.runSuitesLocally(TestNG.java:1109)
at org.testng.TestNG.runSuites(TestNG.java:1039)
at org.testng.TestNG.run(TestNG.java:1007)
at org.testng.remote.AbstractRemoteTestNG.run(AbstractRemoteTestNG.java:115)
at org.testng.remote.RemoteTestNG.initAndRun(RemoteTestNG.java:251)
at org.testng.remote.RemoteTestNG.main(RemoteTestNG.java:77)
]]>
            </full-stacktrace>
          </exception> <!-- java.lang.AssertionError -->
          <reporter-output>
          </reporter-output>
        </test-method> <!-- TC_Hydraulic_STD_STD_DA_Manualadjust_Default_KPA_Pressure_Value_NorFileValue_comparision_with_UI -->
        <test-method status="FAIL" signature="TC_Hydraulic_STD_STD_DA_Manualadjust_Default_BAR_Pressure_Value_NorFileValue_comparision_with_UI()[pri:2, instance:com.nordson.NORXML.TC_PressureHydraulic_NOR_XML_DefaultVal_Comparsion_STD_STDDA@5b239d7d]" name="TC_Hydraulic_STD_STD_DA_Manualadjust_Default_BAR_Pressure_Value_NorFileValue_comparision_with_UI" duration-ms="63770" started-at="2021-06-25T18:33:06 IST" finished-at="2021-06-25T18:34:10 IST">
          <exception class="java.lang.AssertionError">
            <message>
              <![CDATA[The following asserts failed:
expected [10342] but found [10350],
expected [103.42] but found [103.5]]]>
            </message>
            <full-stacktrace>
              <![CDATA[java.lang.AssertionError: The following asserts failed:
expected [10342] but found [10350],
expected [103.42] but found [103.5]
at org.testng.asserts.SoftAssert.assertAll(SoftAssert.java:47)
at org.testng.asserts.SoftAssert.assertAll(SoftAssert.java:31)
at com.nordson.NORXML.TC_PressureHydraulic_NOR_XML_DefaultVal_Comparsion_STD_STDDA.TC_Hydraulic_STD_STD_DA_Manualadjust_Default_BAR_Pressure_Value_NorFileValue_comparision_with_UI(TC_PressureHydraulic_NOR_XML_DefaultVal_Comparsion_STD_STDDA.java:184)
at sun.reflect.NativeMethodAccessorImpl.invoke0(Native Method)
at sun.reflect.NativeMethodAccessorImpl.invoke(Unknown Source)
at sun.reflect.DelegatingMethodAccessorImpl.invoke(Unknown Source)
at java.lang.reflect.Method.invoke(Unknown Source)
at org.testng.internal.MethodInvocationHelper.invokeMethod(MethodInvocationHelper.java:134)
at org.testng.internal.TestInvoker.invokeMethod(TestInvoker.java:597)
at org.testng.internal.TestInvoker.invokeTestMethod(TestInvoker.java:173)
at org.testng.internal.MethodRunner.runInSequence(MethodRunner.java:46)
at org.testng.internal.TestInvoker$MethodInvocationAgent.invoke(TestInvoker.java:816)
at org.testng.internal.TestInvoker.invokeTestMethods(TestInvoker.java:146)
at org.testng.internal.TestMethodWorker.invokeTestMethods(TestMethodWorker.java:146)
at org.testng.internal.TestMethodWorker.run(TestMethodWorker.java:128)
at java.util.ArrayList.forEach(Unknown Source)
at org.testng.TestRunner.privateRun(TestRunner.java:766)
at org.testng.TestRunner.run(TestRunner.java:587)
at org.testng.SuiteRunner.runTest(SuiteRunner.java:384)
at org.testng.SuiteRunner.runSequentially(SuiteRunner.java:378)
at org.testng.SuiteRunner.privateRun(SuiteRunner.java:337)
at org.testng.SuiteRunner.run(SuiteRunner.java:286)
at org.testng.SuiteRunnerWorker.runSuite(SuiteRunnerWorker.java:53)
at org.testng.SuiteRunnerWorker.run(SuiteRunnerWorker.java:96)
at org.testng.TestNG.runSuitesSequentially(TestNG.java:1187)
at org.testng.TestNG.runSuitesLocally(TestNG.java:1109)
at org.testng.TestNG.runSuites(TestNG.java:1039)
at org.testng.TestNG.run(TestNG.java:1007)
at org.testng.remote.AbstractRemoteTestNG.run(AbstractRemoteTestNG.java:115)
at org.testng.remote.RemoteTestNG.initAndRun(RemoteTestNG.java:251)
at org.testng.remote.RemoteTestNG.main(RemoteTestNG.java:77)
]]>
            </full-stacktrace>
          </exception> <!-- java.lang.AssertionError -->
          <reporter-output>
          </reporter-output>
        </test-method> <!-- TC_Hydraulic_STD_STD_DA_Manualadjust_Default_BAR_Pressure_Value_NorFileValue_comparision_with_UI -->
        <test-method status="FAIL" signature="TC_Hydraulic_STD_STD_DA_Manualadjust_Default_PSI_Pressure_Value_NorFileValue_comparision_with_UI()[pri:3, instance:com.nordson.NORXML.TC_PressureHydraulic_NOR_XML_DefaultVal_Comparsion_STD_STDDA@5b239d7d]" name="TC_Hydraulic_STD_STD_DA_Manualadjust_Default_PSI_Pressure_Value_NorFileValue_comparision_with_UI" duration-ms="58952" started-at="2021-06-25T18:34:10 IST" finished-at="2021-06-25T18:35:09 IST">
          <exception class="java.lang.AssertionError">
            <message>
              <![CDATA[The following asserts failed:
expected [10342] but found [10350],
expected [103.42] but found [103.5]]]>
            </message>
            <full-stacktrace>
              <![CDATA[java.lang.AssertionError: The following asserts failed:
expected [10342] but found [10350],
expected [103.42] but found [103.5]
at org.testng.asserts.SoftAssert.assertAll(SoftAssert.java:47)
at org.testng.asserts.SoftAssert.assertAll(SoftAssert.java:31)
at com.nordson.NORXML.TC_PressureHydraulic_NOR_XML_DefaultVal_Comparsion_STD_STDDA.TC_Hydraulic_STD_STD_DA_Manualadjust_Default_PSI_Pressure_Value_NorFileValue_comparision_with_UI(TC_PressureHydraulic_NOR_XML_DefaultVal_Comparsion_STD_STDDA.java:258)
at sun.reflect.NativeMethodAccessorImpl.invoke0(Native Method)
at sun.reflect.NativeMethodAccessorImpl.invoke(Unknown Source)
at sun.reflect.DelegatingMethodAccessorImpl.invoke(Unknown Source)
at java.lang.reflect.Method.invoke(Unknown Source)
at org.testng.internal.MethodInvocationHelper.invokeMethod(MethodInvocationHelper.java:134)
at org.testng.internal.TestInvoker.invokeMethod(TestInvoker.java:597)
at org.testng.internal.TestInvoker.invokeTestMethod(TestInvoker.java:173)
at org.testng.internal.MethodRunner.runInSequence(MethodRunner.java:46)
at org.testng.internal.TestInvoker$MethodInvocationAgent.invoke(TestInvoker.java:816)
at org.testng.internal.TestInvoker.invokeTestMethods(TestInvoker.java:146)
at org.testng.internal.TestMethodWorker.invokeTestMethods(TestMethodWorker.java:146)
at org.testng.internal.TestMethodWorker.run(TestMethodWorker.java:128)
at java.util.ArrayList.forEach(Unknown Source)
at org.testng.TestRunner.privateRun(TestRunner.java:766)
at org.testng.TestRunner.run(TestRunner.java:587)
at org.testng.SuiteRunner.runTest(SuiteRunner.java:384)
at org.testng.SuiteRunner.runSequentially(SuiteRunner.java:378)
at org.testng.SuiteRunner.privateRun(SuiteRunner.java:337)
at org.testng.SuiteRunner.run(SuiteRunner.java:286)
at org.testng.SuiteRunnerWorker.runSuite(SuiteRunnerWorker.java:53)
at org.testng.SuiteRunnerWorker.run(SuiteRunnerWorker.java:96)
at org.testng.TestNG.runSuitesSequentially(TestNG.java:1187)
at org.testng.TestNG.runSuitesLocally(TestNG.java:1109)
at org.testng.TestNG.runSuites(TestNG.java:1039)
at org.testng.TestNG.run(TestNG.java:1007)
at org.testng.remote.AbstractRemoteTestNG.run(AbstractRemoteTestNG.java:115)
at org.testng.remote.RemoteTestNG.initAndRun(RemoteTestNG.java:251)
at org.testng.remote.RemoteTestNG.main(RemoteTestNG.java:77)
]]>
            </full-stacktrace>
          </exception> <!-- java.lang.AssertionError -->
          <reporter-output>
          </reporter-output>
        </test-method> <!-- TC_Hydraulic_STD_STD_DA_Manualadjust_Default_PSI_Pressure_Value_NorFileValue_comparision_with_UI -->
        <test-method status="FAIL" signature="TC_Hydraulic_STD_STD_DA_electronicadjust_NorFileValue_comparision_with_UI_KPA_()[pri:4, instance:com.nordson.NORXML.TC_PressureHydraulic_NOR_XML_DefaultVal_Comparsion_STD_STDDA@5b239d7d]" name="TC_Hydraulic_STD_STD_DA_electronicadjust_NorFileValue_comparision_with_UI_KPA_" duration-ms="53163" started-at="2021-06-25T18:35:09 IST" finished-at="2021-06-25T18:36:02 IST">
          <exception class="java.lang.AssertionError">
            <message>
              <![CDATA[The following asserts failed:
expected [10342] but found [10350],
expected [103.42] but found [103.5],
expected [1545] but found [1035],
expected [10342] but found [7245]]]>
            </message>
            <full-stacktrace>
              <![CDATA[java.lang.AssertionError: The following asserts failed:
expected [10342] but found [10350],
expected [103.42] but found [103.5],
expected [1545] but found [1035],
expected [10342] but found [7245]
at org.testng.asserts.SoftAssert.assertAll(SoftAssert.java:47)
at org.testng.asserts.SoftAssert.assertAll(SoftAssert.java:31)
at com.nordson.NORXML.TC_PressureHydraulic_NOR_XML_DefaultVal_Comparsion_STD_STDDA.TC_Hydraulic_STD_STD_DA_electronicadjust_NorFileValue_comparision_with_UI_KPA_(TC_PressureHydraulic_NOR_XML_DefaultVal_Comparsion_STD_STDDA.java:369)
at sun.reflect.NativeMethodAccessorImpl.invoke0(Native Method)
at sun.reflect.NativeMethodAccessorImpl.invoke(Unknown Source)
at sun.reflect.DelegatingMethodAccessorImpl.invoke(Unknown Source)
at java.lang.reflect.Method.invoke(Unknown Source)
at org.testng.internal.MethodInvocationHelper.invokeMethod(MethodInvocationHelper.java:134)
at org.testng.internal.TestInvoker.invokeMethod(TestInvoker.java:597)
at org.testng.internal.TestInvoker.invokeTestMethod(TestInvoker.java:173)
at org.testng.internal.MethodRunner.runInSequence(MethodRunner.java:46)
at org.testng.internal.TestInvoker$MethodInvocationAgent.invoke(TestInvoker.java:816)
at org.testng.internal.TestInvoker.invokeTestMethods(TestInvoker.java:146)
at org.testng.internal.TestMethodWorker.invokeTestMethods(TestMethodWorker.java:146)
at org.testng.internal.TestMethodWorker.run(TestMethodWorker.java:128)
at java.util.ArrayList.forEach(Unknown Source)
at org.testng.TestRunner.privateRun(TestRunner.java:766)
at org.testng.TestRunner.run(TestRunner.java:587)
at org.testng.SuiteRunner.runTest(SuiteRunner.java:384)
at org.testng.SuiteRunner.runSequentially(SuiteRunner.java:378)
at org.testng.SuiteRunner.privateRun(SuiteRunner.java:337)
at org.testng.SuiteRunner.run(SuiteRunner.java:286)
at org.testng.SuiteRunnerWorker.runSuite(SuiteRunnerWorker.java:53)
at org.testng.SuiteRunnerWorker.run(SuiteRunnerWorker.java:96)
at org.testng.TestNG.runSuitesSequentially(TestNG.java:1187)
at org.testng.TestNG.runSuitesLocally(TestNG.java:1109)
at org.testng.TestNG.runSuites(TestNG.java:1039)
at org.testng.TestNG.run(TestNG.java:1007)
at org.testng.remote.AbstractRemoteTestNG.run(AbstractRemoteTestNG.java:115)
at org.testng.remote.RemoteTestNG.initAndRun(RemoteTestNG.java:251)
at org.testng.remote.RemoteTestNG.main(RemoteTestNG.java:77)
]]>
            </full-stacktrace>
          </exception> <!-- java.lang.AssertionError -->
          <reporter-output>
          </reporter-output>
        </test-method> <!-- TC_Hydraulic_STD_STD_DA_electronicadjust_NorFileValue_comparision_with_UI_KPA_ -->
        <test-method status="PASS" signature="tearDown()[pri:0, instance:com.nordson.NORXML.TC_PressureHydraulic_NOR_XML_DefaultVal_Comparsion_STD_STDDA@5b239d7d]" name="tearDown" is-config="true" duration-ms="1066" started-at="2021-06-25T18:36:02 IST" finished-at="2021-06-25T18:36:03 IST">
          <reporter-output>
          </reporter-output>
        </test-method> <!-- tearDown -->
      </class> <!-- com.nordson.NORXML.TC_PressureHydraulic_NOR_XML_DefaultVal_Comparsion_STD_STDDA -->
    </test> <!-- Nordson OMU Web App Regression Tests on Chrome -->
  </suite> <!-- Nordson OMU Web App Regression Tests on Chrome -->
</testng-results>
